c:\users\kot development\documents\copy\development\motion\debug\vc120.pdb
c:\users\kot development\documents\copy\development\motion\debug\vc120.idb
c:\users\kot development\documents\copy\development\motion\debug\activearea.obj
c:\users\kot development\documents\copy\development\motion\debug\collider.obj
c:\users\kot development\documents\copy\development\motion\debug\spritecollectionqueue.obj
c:\users\kot development\documents\copy\development\motion\debug\herosprite.obj
c:\users\kot development\documents\copy\development\motion\debug\main.obj
c:\users\kot development\documents\copy\development\motion\debug\shader.obj
c:\users\kot development\documents\copy\development\motion\debug\callbacks.obj
c:\users\kot development\documents\copy\development\motion\debug\graphic.obj
c:\users\kot development\documents\copy\development\motion\debug\sprite.obj
c:\users\kot development\documents\copy\development\motion\debug\shelfarea.obj
c:\users\kot development\documents\copy\development\motion\debug\motion.pdb
c:\users\kot development\documents\copy\development\motion\debug\motion.tlog\cl.command.1.tlog
c:\users\kot development\documents\copy\development\motion\debug\motion.tlog\cl.read.1.tlog
c:\users\kot development\documents\copy\development\motion\debug\motion.tlog\cl.write.1.tlog
c:\users\kot development\documents\copy\development\motion\debug\motion.tlog\link-cvtres.read.1.tlog
c:\users\kot development\documents\copy\development\motion\debug\motion.tlog\link-cvtres.write.1.tlog
c:\users\kot development\documents\copy\development\motion\debug\motion.tlog\link-rc.read.1.tlog
c:\users\kot development\documents\copy\development\motion\debug\motion.tlog\link-rc.write.1.tlog
c:\users\kot development\documents\copy\development\motion\debug\motion.tlog\link.5072-cvtres.read.1.tlog
c:\users\kot development\documents\copy\development\motion\debug\motion.tlog\link.5072-cvtres.write.1.tlog
c:\users\kot development\documents\copy\development\motion\debug\motion.tlog\link.5072-rc.read.1.tlog
c:\users\kot development\documents\copy\development\motion\debug\motion.tlog\link.5072-rc.write.1.tlog
c:\users\kot development\documents\copy\development\motion\debug\motion.tlog\link.5072.read.1.tlog
c:\users\kot development\documents\copy\development\motion\debug\motion.tlog\link.5072.write.1.tlog
c:\users\kot development\documents\copy\development\motion\debug\motion.tlog\link.command.1.tlog
c:\users\kot development\documents\copy\development\motion\debug\motion.tlog\link.read.1.tlog
c:\users\kot development\documents\copy\development\motion\debug\motion.tlog\link.write.1.tlog
