Build started 7/15/2015 10:28:09 AM.
     1>Project "C:\Users\KoT Development\Documents\Copy\Development\Motion\Motion.vcxproj" on node 2 (Build target(s)).
     1>ClCompile:
         C:\Program Files (x86)\Microsoft Visual Studio 12.0\VC\bin\CL.exe /c /ZI /nologo /W3 /WX- /sdl /Od /Oy- /D _MBCS /Gm /EHsc /RTC1 /MDd /GS /fp:precise /Zc:wchar_t /Zc:forScope /Fo"Debug\\" /Fd"Debug\vc120.pdb" /Gd /TP /analyze- /errorReport:prompt ActiveArea.cpp Collider.cpp Graphic.cpp HeroSprite.cpp Shader.cpp ShelfArea.cpp Sprite.cpp SpriteCollectionQueue.cpp callbacks.cpp main.cpp
         callbacks.cpp
         Graphic.cpp
     1>c:\users\kot development\documents\copy\development\motion\graphic.cpp(164): warning C4800: 'int' : forcing value to bool 'true' or 'false' (performance warning)
     1>c:\users\kot development\documents\copy\development\motion\graphic.cpp(165): warning C4800: 'int' : forcing value to bool 'true' or 'false' (performance warning)
     1>c:\users\kot development\documents\copy\development\motion\graphic.cpp(169): warning C4244: '=' : conversion from 'const int' to 'Coordinate', possible loss of data
     1>c:\users\kot development\documents\copy\development\motion\graphic.cpp(170): warning C4244: '=' : conversion from 'const int' to 'Coordinate', possible loss of data
     1>c:\users\kot development\documents\copy\development\motion\graphic.cpp(174): warning C4244: '=' : conversion from 'const int' to 'Coordinate', possible loss of data
     1>c:\users\kot development\documents\copy\development\motion\graphic.cpp(175): warning C4244: '=' : conversion from 'const int' to 'Coordinate', possible loss of data
     1>c:\users\kot development\documents\copy\development\motion\graphic.cpp(229): warning C4244: '=' : conversion from 'Coordinate' to 'int', possible loss of data
     1>c:\users\kot development\documents\copy\development\motion\graphic.cpp(230): warning C4244: '=' : conversion from 'Coordinate' to 'int', possible loss of data
     1>c:\users\kot development\documents\copy\development\motion\graphic.cpp(235): warning C4244: '=' : conversion from 'Coordinate' to 'int', possible loss of data
     1>c:\users\kot development\documents\copy\development\motion\graphic.cpp(237): warning C4244: '=' : conversion from 'Coordinate' to 'int', possible loss of data
     1>c:\users\kot development\documents\copy\development\motion\graphic.cpp(242): warning C4244: '=' : conversion from 'Coordinate' to 'int', possible loss of data
     1>c:\users\kot development\documents\copy\development\motion\graphic.cpp(244): warning C4244: '=' : conversion from 'Coordinate' to 'int', possible loss of data
     1>c:\users\kot development\documents\copy\development\motion\graphic.cpp(248): warning C4244: '=' : conversion from 'Coordinate' to 'int', possible loss of data
     1>c:\users\kot development\documents\copy\development\motion\graphic.cpp(251): warning C4244: '=' : conversion from 'Coordinate' to 'int', possible loss of data
     1>c:\users\kot development\documents\copy\development\motion\graphic.cpp(255): warning C4244: '=' : conversion from 'Coordinate' to 'int', possible loss of data
     1>c:\users\kot development\documents\copy\development\motion\graphic.cpp(257): warning C4244: '=' : conversion from 'Coordinate' to 'int', possible loss of data
     1>c:\users\kot development\documents\copy\development\motion\graphic.cpp(262): warning C4244: '=' : conversion from 'Coordinate' to 'int', possible loss of data
     1>c:\users\kot development\documents\copy\development\motion\graphic.cpp(264): warning C4244: '=' : conversion from 'Coordinate' to 'int', possible loss of data
     1>c:\users\kot development\documents\copy\development\motion\graphic.cpp(269): warning C4244: '=' : conversion from 'Coordinate' to 'int', possible loss of data
     1>c:\users\kot development\documents\copy\development\motion\graphic.cpp(270): warning C4244: '=' : conversion from 'Coordinate' to 'int', possible loss of data
     1>c:\users\kot development\documents\copy\development\motion\graphic.cpp(275): warning C4244: '=' : conversion from 'Coordinate' to 'int', possible loss of data
     1>c:\users\kot development\documents\copy\development\motion\graphic.cpp(276): warning C4244: '=' : conversion from 'Coordinate' to 'int', possible loss of data
     1>c:\users\kot development\documents\copy\development\motion\graphic.cpp(285): warning C4244: 'initializing' : conversion from 'int' to 'Coordinate', possible loss of data
     1>c:\users\kot development\documents\copy\development\motion\graphic.cpp(286): warning C4244: 'initializing' : conversion from 'int' to 'Coordinate', possible loss of data
     1>c:\users\kot development\documents\copy\development\motion\graphic.cpp(296): warning C4244: 'initializing' : conversion from 'double' to 'int', possible loss of data
     1>c:\users\kot development\documents\copy\development\motion\graphic.cpp(312): warning C4244: '=' : conversion from 'double' to 'Coordinate', possible loss of data
     1>c:\users\kot development\documents\copy\development\motion\graphic.cpp(313): warning C4244: '=' : conversion from 'double' to 'Coordinate', possible loss of data
     1>c:\users\kot development\documents\copy\development\motion\graphic.cpp(329): warning C4244: '=' : conversion from 'double' to 'Coordinate', possible loss of data
     1>c:\users\kot development\documents\copy\development\motion\graphic.cpp(330): warning C4244: '=' : conversion from 'double' to 'Coordinate', possible loss of data
     1>c:\users\kot development\documents\copy\development\motion\graphic.cpp(333): warning C4244: '=' : conversion from 'const int' to 'Coordinate', possible loss of data
     1>c:\users\kot development\documents\copy\development\motion\graphic.cpp(334): warning C4244: '=' : conversion from 'const int' to 'Coordinate', possible loss of data
     1>c:\users\kot development\documents\copy\development\motion\graphic.cpp(336): warning C4244: '=' : conversion from 'const int' to 'Coordinate', possible loss of data
     1>c:\users\kot development\documents\copy\development\motion\graphic.cpp(337): warning C4244: '=' : conversion from 'const int' to 'Coordinate', possible loss of data
         Generating Code...
         Compiling...
         main.cpp
         SpriteCollectionQueue.cpp
         Sprite.cpp
         ShelfArea.cpp
     1>c:\users\kot development\documents\copy\development\motion\shelfarea.cpp(51): warning C4244: 'initializing' : conversion from 'int' to 'Coordinate', possible loss of data
     1>c:\users\kot development\documents\copy\development\motion\shelfarea.cpp(99): warning C4244: 'initializing' : conversion from 'int' to 'Coordinate', possible loss of data
         Shader.cpp
         HeroSprite.cpp
     1>c:\users\kot development\documents\copy\development\motion\herosprite.cpp(23): warning C4316: 'HeroSprite' : object allocated on the heap may not be aligned 16
         Collider.cpp
     1>c:\users\kot development\documents\copy\development\motion\collider.cpp(44): warning C4018: '<' : signed/unsigned mismatch
         ActiveArea.cpp
     1>c:\users\kot development\documents\copy\development\motion\activearea.cpp(26): warning C4316: 'Sprite' : object allocated on the heap may not be aligned 16
         Generating Code...
       Link:
         C:\Program Files (x86)\Microsoft Visual Studio 12.0\VC\bin\link.exe /ERRORREPORT:PROMPT /OUT:"C:\Users\KoT Development\Documents\Copy\Development\Motion\Debug\Motion.exe" /INCREMENTAL /NOLOGO opengl32.lib glew32s.lib glfw3.lib SOIL.lib kernel32.lib user32.lib gdi32.lib winspool.lib comdlg32.lib advapi32.lib shell32.lib ole32.lib oleaut32.lib uuid.lib odbc32.lib odbccp32.lib /MANIFEST /MANIFESTUAC:"level='asInvoker' uiAccess='false'" /manifest:embed /DEBUG /PDB:"C:\Users\KoT Development\Documents\Copy\Development\Motion\Debug\Motion.pdb" /TLBID:1 /DYNAMICBASE /NXCOMPAT /IMPLIB:"C:\Users\KoT Development\Documents\Copy\Development\Motion\Debug\Motion.lib" /MACHINE:X86 /VERBOSE:INCR /VERBOSE:LIB Debug\ActiveArea.obj
         Debug\callbacks.obj
         Debug\Collider.obj
         Debug\Graphic.obj
         Debug\ShelfArea.obj
         Debug\SpriteCollectionQueue.obj
         Debug\HeroSprite.obj
         Debug\main.obj
         Debug\Shader.obj
         Debug\Sprite.obj
         Motion.vcxproj -> C:\Users\KoT Development\Documents\Copy\Development\Motion\Debug\Motion.exe
     1>Done Building Project "C:\Users\KoT Development\Documents\Copy\Development\Motion\Motion.vcxproj" (Build target(s)).

Build succeeded.

Time Elapsed 00:00:05.32
